TN:
SF:/Users/julienvincent/code/modelizr/src/bases.js
FN:5,QueryMutators
FN:17,(anonymous_11)
FN:21,(anonymous_12)
FN:25,(anonymous_13)
FN:26,(anonymous_14)
FN:27,(anonymous_15)
FN:28,(anonymous_16)
FN:29,(anonymous_17)
FN:30,(anonymous_18)
FN:31,(anonymous_19)
FN:32,(anonymous_20)
FN:33,(anonymous_21)
FN:37,QueryBase
FN:46,(anonymous_24)
FN:50,(anonymous_26)
FN:54,getType
FN:64,(anonymous_29)
FN:64,(anonymous_30)
FN:70,mapProps
FN:72,(anonymous_33)
FN:94,(anonymous_35)
FN:97,(anonymous_36)
FN:107,(anonymous_38)
FN:110,(anonymous_39)
FN:141,(anonymous_43)
FN:142,(anonymous_44)
FN:173,(anonymous_47)
FN:174,(anonymous_48)
FN:176,(anonymous_49)
FN:180,(anonymous_50)
FN:157,(anonymous_52)
FN:157,(anonymous_53)
FNF:32
FNH:1
FNDA:4,QueryMutators
FNDA:0,(anonymous_11)
FNDA:0,(anonymous_12)
FNDA:0,(anonymous_13)
FNDA:0,(anonymous_14)
FNDA:0,(anonymous_15)
FNDA:0,(anonymous_16)
FNDA:0,(anonymous_17)
FNDA:0,(anonymous_18)
FNDA:0,(anonymous_19)
FNDA:0,(anonymous_20)
FNDA:0,(anonymous_21)
FNDA:0,QueryBase
FNDA:0,(anonymous_24)
FNDA:0,(anonymous_26)
FNDA:0,getType
FNDA:0,(anonymous_29)
FNDA:0,(anonymous_30)
FNDA:0,mapProps
FNDA:0,(anonymous_33)
FNDA:0,(anonymous_35)
FNDA:0,(anonymous_36)
FNDA:0,(anonymous_38)
FNDA:0,(anonymous_39)
FNDA:0,(anonymous_43)
FNDA:0,(anonymous_44)
FNDA:0,(anonymous_47)
FNDA:0,(anonymous_48)
FNDA:0,(anonymous_49)
FNDA:0,(anonymous_50)
FNDA:0,(anonymous_52)
FNDA:0,(anonymous_53)
DA:6,4
DA:14,4
DA:18,0
DA:19,0
DA:22,0
DA:40,0
DA:41,0
DA:46,0
DA:50,0
DA:54,0
DA:55,0
DA:56,0
DA:57,0
DA:58,0
DA:60,0
DA:63,0
DA:64,0
DA:66,0
DA:70,0
DA:71,0
DA:72,0
DA:73,0
DA:74,0
DA:76,0
DA:77,0
DA:84,0
DA:88,0
DA:90,0
DA:94,0
DA:97,0
DA:98,0
DA:99,0
DA:102,0
DA:107,0
DA:110,0
DA:111,0
DA:112,0
DA:114,0
DA:118,0
DA:119,0
DA:121,0
DA:126,0
DA:130,0
DA:134,0
DA:135,0
DA:136,0
DA:141,0
DA:142,0
DA:143,0
DA:147,0
DA:153,0
DA:161,0
DA:162,0
DA:165,0
DA:169,0
DA:170,0
DA:177,0
DA:178,0
DA:181,0
DA:182,0
LF:60
LH:2
BRDA:29,1,0,0
BRDA:29,1,1,0
BRDA:30,2,0,0
BRDA:30,2,1,0
BRDA:31,3,0,0
BRDA:31,3,1,0
BRDA:32,4,0,0
BRDA:32,4,1,0
BRDA:14,5,0,4
BRDA:14,5,1,0
BRDA:55,6,0,0
BRDA:55,6,1,0
BRDA:57,7,0,0
BRDA:57,7,1,0
BRDA:63,8,0,0
BRDA:63,8,1,0
BRDA:64,9,0,0
BRDA:64,9,1,0
BRDA:69,10,0,0
BRDA:69,10,1,0
BRDA:69,11,0,0
BRDA:69,11,1,0
BRDA:69,12,0,0
BRDA:69,12,1,0
BRDA:69,13,0,0
BRDA:69,13,1,0
BRDA:73,14,0,0
BRDA:73,14,1,0
BRDA:76,15,0,0
BRDA:76,15,1,0
BRDA:84,16,0,0
BRDA:84,16,1,0
BRDA:94,17,0,0
BRDA:94,17,1,0
BRDA:98,18,0,0
BRDA:98,18,1,0
BRDA:107,19,0,0
BRDA:107,19,1,0
BRDA:111,20,0,0
BRDA:111,20,1,0
BRDA:118,21,0,0
BRDA:118,21,1,0
BRDA:134,22,0,0
BRDA:134,22,1,0
BRDA:135,23,0,0
BRDA:135,23,1,0
BRDA:161,24,0,0
BRDA:161,24,1,0
BRF:48
BRH:1
end_of_record
TN:
SF:/Users/julienvincent/code/modelizr/src/mock.js
FN:3,jsf
FN:14,mock
FN:14,(anonymous_15)
FN:19,rand
FN:47,getFromCache
FN:56,(anonymous_18)
FN:59,mergeNested
FN:61,(anonymous_20)
FN:61,(anonymous_21)
FN:67,(anonymous_22)
FN:74,(anonymous_23)
FN:90,(anonymous_24)
FN:92,(anonymous_25)
FN:103,(anonymous_26)
FN:104,(anonymous_27)
FNF:15
FNH:0
FNDA:0,jsf
FNDA:0,mock
FNDA:0,(anonymous_15)
FNDA:0,rand
FNDA:0,getFromCache
FNDA:0,(anonymous_18)
FNDA:0,mergeNested
FNDA:0,(anonymous_20)
FNDA:0,(anonymous_21)
FNDA:0,(anonymous_22)
FNDA:0,(anonymous_23)
FNDA:0,(anonymous_24)
FNDA:0,(anonymous_25)
FNDA:0,(anonymous_26)
FNDA:0,(anonymous_27)
DA:3,1
DA:4,1
DA:5,1
DA:8,1
DA:9,1
DA:12,0
DA:14,0
DA:15,0
DA:16,0
DA:19,0
DA:20,0
DA:21,0
DA:22,0
DA:23,0
DA:24,0
DA:28,0
DA:30,0
DA:31,0
DA:33,0
DA:35,0
DA:37,0
DA:38,0
DA:41,0
DA:42,0
DA:43,0
DA:47,0
DA:48,0
DA:49,0
DA:51,0
DA:52,0
DA:56,0
DA:59,0
DA:62,0
DA:63,0
DA:67,0
DA:68,0
DA:69,0
DA:70,0
DA:71,0
DA:73,0
DA:76,0
DA:77,0
DA:78,0
DA:80,0
DA:81,0
DA:82,0
DA:85,0
DA:86,0
DA:89,0
DA:90,0
DA:91,0
DA:92,0
DA:94,0
DA:95,0
DA:97,0
DA:100,0
DA:103,0
DA:104,0
DA:105,0
DA:106,0
DA:107,0
DA:109,0
DA:115,0
LF:63
LH:5
BRDA:4,1,0,1
BRDA:4,1,1,0
BRDA:15,2,0,0
BRDA:15,2,1,0
BRDA:23,3,0,0
BRDA:23,3,1,0
BRDA:28,4,0,0
BRDA:28,4,1,0
BRDA:30,5,0,0
BRDA:30,5,1,0
BRDA:37,6,0,0
BRDA:37,6,1,0
BRDA:37,7,0,0
BRDA:37,7,1,0
BRDA:41,8,0,0
BRDA:41,8,1,0
BRDA:42,9,0,0
BRDA:42,9,1,0
BRDA:51,10,0,0
BRDA:51,10,1,0
BRDA:61,11,0,0
BRDA:61,11,1,0
BRDA:62,12,0,0
BRDA:62,12,1,0
BRDA:68,13,0,0
BRDA:68,13,1,0
BRDA:70,14,0,0
BRDA:70,14,1,0
BRDA:76,15,0,0
BRDA:76,15,1,0
BRDA:76,16,0,0
BRDA:76,16,1,0
BRDA:77,17,0,0
BRDA:77,17,1,0
BRDA:81,18,0,0
BRDA:81,18,1,0
BRDA:89,19,0,0
BRDA:89,19,1,0
BRDA:91,20,0,0
BRDA:91,20,1,0
BRDA:94,21,0,0
BRDA:94,21,1,0
BRDA:105,22,0,0
BRDA:105,22,1,0
BRDA:106,23,0,0
BRDA:106,23,1,0
BRF:46
BRH:1
end_of_record
TN:
SF:/Users/julienvincent/code/modelizr/src/model.js
FN:7,Model
FN:22,(anonymous_10)
FN:23,(anonymous_11)
FN:24,(anonymous_12)
FN:14,(anonymous_13)
FN:17,model
FN:29,(anonymous_16)
FN:34,(anonymous_18)
FN:34,(anonymous_19)
FN:44,model
FN:47,formatSchema
FN:54,(anonymous_22)
FN:70,idAttribute
FN:72,(anonymous_24)
FN:72,(anonymous_25)
FN:81,_model
FN:83,(anonymous_27)
FN:86,(anonymous_28)
FN:109,(anonymous_29)
FN:110,(anonymous_30)
FN:111,(anonymous_31)
FNF:21
FNH:2
FNDA:0,Model
FNDA:0,(anonymous_10)
FNDA:0,(anonymous_11)
FNDA:0,(anonymous_12)
FNDA:0,(anonymous_13)
FNDA:0,model
FNDA:0,(anonymous_16)
FNDA:0,(anonymous_18)
FNDA:0,(anonymous_19)
FNDA:2,model
FNDA:2,formatSchema
FNDA:0,(anonymous_22)
FNDA:0,idAttribute
FNDA:0,(anonymous_24)
FNDA:0,(anonymous_25)
FNDA:0,_model
FNDA:0,(anonymous_27)
FNDA:0,(anonymous_28)
FNDA:0,(anonymous_29)
FNDA:0,(anonymous_30)
FNDA:0,(anonymous_31)
DA:9,0
DA:10,0
DA:11,0
DA:14,0
DA:15,0
DA:27,0
DA:28,0
DA:29,0
DA:33,0
DA:34,0
DA:37,0
DA:44,1
DA:45,2
DA:47,2
DA:48,2
DA:49,2
DA:54,2
DA:55,0
DA:56,0
DA:58,0
DA:64,0
DA:67,2
DA:77,2
DA:79,2
DA:81,2
DA:82,2
DA:83,2
DA:84,0
DA:86,0
DA:87,0
DA:88,0
DA:89,0
DA:90,0
DA:91,0
DA:94,0
DA:95,0
DA:96,0
DA:99,0
DA:100,0
DA:101,0
DA:103,0
DA:106,0
DA:109,2
DA:110,2
DA:111,2
DA:112,0
DA:115,2
LF:47
LH:16
BRDA:24,1,0,0
BRDA:24,1,1,0
BRDA:9,2,0,0
BRDA:9,2,1,0
BRDA:9,3,0,0
BRDA:9,3,1,0
BRDA:33,4,0,0
BRDA:33,4,1,0
BRDA:37,5,0,0
BRDA:37,5,1,0
BRDA:45,6,0,2
BRDA:45,6,1,2
BRDA:48,7,0,2
BRDA:48,7,1,0
BRDA:48,8,0,2
BRDA:48,8,1,2
BRDA:55,9,0,0
BRDA:55,9,1,0
BRDA:70,10,0,0
BRDA:70,10,1,0
BRDA:72,11,0,0
BRDA:72,11,1,0
BRDA:88,12,0,0
BRDA:88,12,1,0
BRDA:89,13,0,0
BRDA:89,13,1,0
BRDA:94,14,0,0
BRDA:94,14,1,0
BRDA:99,15,0,0
BRDA:99,15,1,0
BRDA:100,16,0,0
BRDA:100,16,1,0
BRF:32
BRH:5
end_of_record
TN:
SF:/Users/julienvincent/code/modelizr/src/mutation.js
FN:7,_class2
FN:40,(anonymous_11)
FN:41,(anonymous_12)
FN:42,(anonymous_13)
FN:20,(anonymous_15)
FNF:5
FNH:0
FNDA:0,_class2
FNDA:0,(anonymous_11)
FNDA:0,(anonymous_12)
FNDA:0,(anonymous_13)
FNDA:0,(anonymous_15)
DA:4,1
DA:5,1
DA:10,0
DA:19,0
DA:21,0
DA:22,0
DA:23,0
DA:25,0
DA:31,0
DA:33,0
DA:34,0
DA:37,0
LF:12
LH:2
BRDA:42,1,0,0
BRDA:42,1,1,0
BRDA:22,2,0,0
BRDA:22,2,1,0
BRDA:33,3,0,0
BRDA:33,3,1,0
BRF:6
BRH:0
end_of_record
TN:
SF:/Users/julienvincent/code/modelizr/src/normalizer.js
FN:4,normalize
FN:5,(anonymous_8)
FN:5,(anonymous_9)
FN:7,(anonymous_10)
FN:10,(anonymous_11)
FN:32,Iterable
FN:47,arrayOf
FN:48,valuesOf
FNF:8
FNH:0
FNDA:0,normalize
FNDA:0,(anonymous_8)
FNDA:0,(anonymous_9)
FNDA:0,(anonymous_10)
FNDA:0,(anonymous_11)
FNDA:0,Iterable
FNDA:0,arrayOf
FNDA:0,valuesOf
DA:4,1
DA:5,0
DA:7,0
DA:9,0
DA:13,0
DA:17,0
DA:19,0
DA:21,0
DA:24,0
DA:25,0
DA:27,0
DA:33,0
DA:34,0
DA:35,0
DA:39,0
DA:47,1
DA:48,1
LF:17
LH:3
BRDA:10,1,0,0
BRDA:10,1,1,0
BRDA:13,2,0,0
BRDA:13,2,1,0
BRDA:18,3,0,0
BRDA:18,3,1,0
BRDA:24,4,0,0
BRDA:24,4,1,0
BRDA:25,5,0,0
BRDA:25,5,1,0
BRDA:33,6,0,0
BRDA:33,6,1,0
BRDA:39,7,0,0
BRDA:39,7,1,0
BRF:14
BRH:0
end_of_record
TN:
SF:/Users/julienvincent/code/modelizr/src/query.js
FN:8,(anonymous_11)
FNF:1
FNH:0
FNDA:0,(anonymous_11)
DA:4,1
DA:5,1
DA:8,0
DA:12,0
DA:14,0
DA:15,0
DA:18,0
LF:7
LH:2
BRDA:14,1,0,0
BRDA:14,1,1,0
BRF:2
BRH:0
end_of_record
TN:
SF:/Users/julienvincent/code/modelizr/src/request.js
FN:6,_class2
FN:55,(anonymous_10)
FN:56,(anonymous_11)
FN:24,(anonymous_13)
FN:25,(anonymous_14)
FNF:5
FNH:0
FNDA:0,_class2
FNDA:0,(anonymous_10)
FNDA:0,(anonymous_11)
FNDA:0,(anonymous_13)
FNDA:0,(anonymous_14)
DA:3,1
DA:4,1
DA:9,0
DA:15,0
DA:19,0
DA:20,0
DA:23,0
DA:24,0
DA:25,0
DA:26,0
DA:27,0
DA:28,0
DA:30,0
DA:36,0
DA:37,0
DA:39,0
DA:44,0
DA:52,0
LF:18
LH:2
BRDA:19,1,0,0
BRDA:19,1,1,0
BRDA:20,2,0,0
BRDA:20,2,1,0
BRDA:23,3,0,0
BRDA:23,3,1,0
BRDA:26,4,0,0
BRDA:26,4,1,0
BRDA:27,5,0,0
BRDA:27,5,1,0
BRDA:36,6,0,0
BRDA:36,6,1,0
BRDA:46,7,0,0
BRDA:46,7,1,0
BRF:14
BRH:0
end_of_record
TN:
SF:/Users/julienvincent/code/modelizr/src/union.js
FN:6,Union
FN:17,(anonymous_10)
FN:8,(anonymous_11)
FN:20,unionOf
FN:27,union
FN:34,(anonymous_15)
FN:35,(anonymous_16)
FN:51,(anonymous_17)
FN:52,(anonymous_18)
FN:53,(anonymous_19)
FNF:10
FNH:0
FNDA:0,Union
FNDA:0,(anonymous_10)
FNDA:0,(anonymous_11)
FNDA:0,unionOf
FNDA:0,union
FNDA:0,(anonymous_15)
FNDA:0,(anonymous_16)
FNDA:0,(anonymous_17)
FNDA:0,(anonymous_18)
FNDA:0,(anonymous_19)
DA:8,0
DA:9,0
DA:13,0
DA:14,0
DA:20,1
DA:21,0
DA:23,0
DA:27,0
DA:28,0
DA:29,0
DA:30,0
DA:33,0
DA:34,0
DA:35,0
DA:37,0
DA:38,0
DA:41,0
DA:49,0
DA:51,0
DA:52,0
DA:53,0
DA:56,0
LF:22
LH:1
BRDA:21,1,0,0
BRDA:21,1,1,0
BRDA:23,2,0,0
BRDA:23,2,1,0
BRDA:28,3,0,0
BRDA:28,3,1,0
BRDA:28,4,0,0
BRDA:28,4,1,0
BRDA:35,5,0,0
BRDA:35,5,1,0
BRDA:37,6,0,0
BRDA:37,6,1,0
BRF:12
BRH:0
end_of_record
TN:
SF:/Users/julienvincent/code/modelizr/src/utils.js
FN:5,(anonymous_3)
FN:5,(anonymous_4)
FN:6,(anonymous_5)
FN:8,(anonymous_6)
FN:17,(anonymous_7)
FN:18,(anonymous_8)
FN:19,(anonymous_9)
FN:24,debug
FN:30,base
FN:31,res
FN:36,(anonymous_13)
FN:41,prepare
FN:42,apply
FN:51,query
FN:56,mutation
FN:61,request
FN:66,getMock
FN:73,api
FN:84,(anonymous_21)
FN:87,(anonymous_22)
FNF:20
FNH:1
FNDA:0,(anonymous_3)
FNDA:0,(anonymous_4)
FNDA:0,(anonymous_5)
FNDA:0,(anonymous_6)
FNDA:0,(anonymous_7)
FNDA:0,(anonymous_8)
FNDA:0,(anonymous_9)
FNDA:0,debug
FNDA:4,base
FNDA:0,res
FNDA:0,(anonymous_13)
FNDA:0,prepare
FNDA:0,apply
FNDA:0,query
FNDA:0,mutation
FNDA:0,request
FNDA:0,getMock
FNDA:0,api
FNDA:0,(anonymous_21)
FNDA:0,(anonymous_22)
DA:5,1
DA:6,1
DA:7,0
DA:8,0
DA:9,0
DA:15,0
DA:17,1
DA:18,0
DA:19,0
DA:21,0
DA:24,1
DA:25,0
DA:26,0
DA:27,0
DA:30,1
DA:31,4
DA:32,4
DA:33,4
DA:34,4
DA:36,4
DA:38,4
DA:41,1
DA:42,0
DA:43,0
DA:47,0
DA:50,0
DA:52,0
DA:53,0
DA:57,0
DA:58,0
DA:62,0
DA:63,0
DA:67,0
DA:68,0
DA:73,1
DA:74,0
DA:76,0
DA:85,0
DA:86,0
DA:88,0
DA:92,0
DA:93,0
DA:94,0
DA:95,0
DA:97,0
DA:98,0
DA:99,0
DA:100,0
DA:102,0
LF:49
LH:13
BRDA:5,1,0,0
BRDA:5,1,1,0
BRDA:19,2,0,0
BRDA:19,2,1,0
BRDA:19,2,2,0
BRDA:19,2,3,0
BRDA:25,3,0,0
BRDA:25,3,1,0
BRDA:27,4,0,0
BRDA:27,4,1,0
BRDA:79,5,0,0
BRDA:79,5,1,0
BRDA:80,6,0,0
BRDA:80,6,1,0
BRDA:82,7,0,0
BRDA:82,7,1,0
BRDA:83,8,0,0
BRDA:83,8,1,0
BRDA:92,9,0,0
BRDA:92,9,1,0
BRDA:93,10,0,0
BRDA:93,10,1,0
BRDA:99,11,0,0
BRDA:99,11,1,0
BRF:24
BRH:0
end_of_record
